<?xml version="1.0" encoding="UTF-8"?>
<!-- Generated by org.testng.reporters.JUnitReportReporter -->
<testsuite hostname="DESKTOP-3JCFL5N" failures="0" tests="3" name="Com.OrangeHRM.TestCases.HomepageTest" time="108.320" errors="0" timestamp="2022-10-12T16:18:15 IST" skipped="0">
  <testcase classname="Com.OrangeHRM.TestCases.HomepageTest" name="EmployeeName" time="36.470"/>
  <system-out/>
  <testcase classname="Com.OrangeHRM.TestCases.HomepageTest" name="AddNewEmp" time="34.937"/>
  <system-out/>
  <testcase classname="Com.OrangeHRM.TestCases.HomepageTest" name="EmployeePageDetails" time="36.913"/>
  <system-out/>
</testsuite> <!-- Com.OrangeHRM.TestCases.HomepageTest -->
